<?xml version="1.0" encoding="UTF-8"?>
<coverage generated="1722384133500" clover="3.2.0">
  <project timestamp="1722384133500" name="All files">
    <metrics statements="140" coveredstatements="139" conditionals="13" coveredconditionals="12" methods="38" coveredmethods="37" elements="191" coveredelements="188" complexity="0" loc="140" ncloc="140" packages="11" files="21" classes="21"/>
    <package name="components.atoms.Buttons">
      <metrics statements="10" coveredstatements="10" conditionals="4" coveredconditionals="3" methods="3" coveredmethods="3"/>
      <file name="IconButton.tsx" path="/Users/gregorylima/Documents/teste_caju/caju-front-teste-1/src/components/atoms/Buttons/IconButton.tsx">
        <metrics statements="4" coveredstatements="4" conditionals="0" coveredconditionals="0" methods="1" coveredmethods="1"/>
        <line num="1" count="1" type="stmt"/>
        <line num="3" count="1" type="stmt"/>
        <line num="22" count="1" type="stmt"/>
        <line num="23" count="10" type="stmt"/>
      </file>
      <file name="index.tsx" path="/Users/gregorylima/Documents/teste_caju/caju-front-teste-1/src/components/atoms/Buttons/index.tsx">
        <metrics statements="6" coveredstatements="6" conditionals="4" coveredconditionals="3" methods="2" coveredmethods="2"/>
        <line num="1" count="3" type="stmt"/>
        <line num="3" count="3" type="stmt"/>
        <line num="19" count="3" type="stmt"/>
        <line num="28" count="10" type="cond" truecount="1" falsecount="1"/>
        <line num="29" count="10" type="cond" truecount="2" falsecount="0"/>
        <line num="34" count="3" type="stmt"/>
      </file>
    </package>
    <package name="components.atoms.TextField">
      <metrics statements="7" coveredstatements="7" conditionals="0" coveredconditionals="0" methods="1" coveredmethods="1"/>
      <file name="index.tsx" path="/Users/gregorylima/Documents/teste_caju/caju-front-teste-1/src/components/atoms/TextField/index.tsx">
        <metrics statements="5" coveredstatements="5" conditionals="0" coveredconditionals="0" methods="1" coveredmethods="1"/>
        <line num="1" count="2" type="stmt"/>
        <line num="2" count="2" type="stmt"/>
        <line num="9" count="2" type="stmt"/>
        <line num="10" count="12" type="stmt"/>
        <line num="19" count="2" type="stmt"/>
      </file>
      <file name="style.tsx" path="/Users/gregorylima/Documents/teste_caju/caju-front-teste-1/src/components/atoms/TextField/style.tsx">
        <metrics statements="2" coveredstatements="2" conditionals="0" coveredconditionals="0" methods="0" coveredmethods="0"/>
        <line num="1" count="2" type="stmt"/>
        <line num="3" count="2" type="stmt"/>
      </file>
    </package>
    <package name="components.organisms.Columns">
      <metrics statements="17" coveredstatements="17" conditionals="0" coveredconditionals="0" methods="6" coveredmethods="6"/>
      <file name="index.tsx" path="/Users/gregorylima/Documents/teste_caju/caju-front-teste-1/src/components/organisms/Columns/index.tsx">
        <metrics statements="9" coveredstatements="9" conditionals="0" coveredconditionals="0" methods="4" coveredmethods="4"/>
        <line num="2" count="1" type="stmt"/>
        <line num="4" count="1" type="stmt"/>
        <line num="6" count="1" type="stmt"/>
        <line num="15" count="1" type="stmt"/>
        <line num="16" count="1" type="stmt"/>
        <line num="19" count="6" type="stmt"/>
        <line num="20" count="3" type="stmt"/>
        <line num="28" count="2" type="stmt"/>
        <line num="43" count="1" type="stmt"/>
      </file>
      <file name="styles.tsx" path="/Users/gregorylima/Documents/teste_caju/caju-front-teste-1/src/components/organisms/Columns/styles.tsx">
        <metrics statements="8" coveredstatements="8" conditionals="0" coveredconditionals="0" methods="2" coveredmethods="2"/>
        <line num="1" count="1" type="stmt"/>
        <line num="4" count="1" type="stmt"/>
        <line num="19" count="1" type="stmt"/>
        <line num="27" count="1" type="stmt"/>
        <line num="30" count="3" type="stmt"/>
        <line num="36" count="1" type="stmt"/>
        <line num="38" count="3" type="stmt"/>
        <line num="42" count="1" type="stmt"/>
      </file>
    </package>
    <package name="components.organisms.Header">
      <metrics statements="2" coveredstatements="2" conditionals="0" coveredconditionals="0" methods="0" coveredmethods="0"/>
      <file name="index.tsx" path="/Users/gregorylima/Documents/teste_caju/caju-front-teste-1/src/components/organisms/Header/index.tsx">
        <metrics statements="2" coveredstatements="2" conditionals="0" coveredconditionals="0" methods="0" coveredmethods="0"/>
        <line num="1" count="1" type="stmt"/>
        <line num="3" count="1" type="stmt"/>
      </file>
    </package>
    <package name="components.organisms.Modal">
      <metrics statements="11" coveredstatements="11" conditionals="1" coveredconditionals="1" methods="1" coveredmethods="1"/>
      <file name="index.tsx" path="/Users/gregorylima/Documents/teste_caju/caju-front-teste-1/src/components/organisms/Modal/index.tsx">
        <metrics statements="5" coveredstatements="5" conditionals="1" coveredconditionals="1" methods="1" coveredmethods="1"/>
        <line num="2" count="1" type="stmt"/>
        <line num="10" count="1" type="stmt"/>
        <line num="15" count="3" type="cond" truecount="1" falsecount="0"/>
        <line num="16" count="2" type="stmt"/>
        <line num="30" count="1" type="stmt"/>
      </file>
      <file name="styles.tsx" path="/Users/gregorylima/Documents/teste_caju/caju-front-teste-1/src/components/organisms/Modal/styles.tsx">
        <metrics statements="6" coveredstatements="6" conditionals="0" coveredconditionals="0" methods="0" coveredmethods="0"/>
        <line num="1" count="1" type="stmt"/>
        <line num="3" count="1" type="stmt"/>
        <line num="12" count="1" type="stmt"/>
        <line num="23" count="1" type="stmt"/>
        <line num="37" count="1" type="stmt"/>
        <line num="41" count="1" type="stmt"/>
      </file>
    </package>
    <package name="components.organisms.RegistrationCard">
      <metrics statements="23" coveredstatements="22" conditionals="4" coveredconditionals="4" methods="7" coveredmethods="6"/>
      <file name="index.tsx" path="/Users/gregorylima/Documents/teste_caju/caju-front-teste-1/src/components/organisms/RegistrationCard/index.tsx">
        <metrics statements="19" coveredstatements="18" conditionals="4" coveredconditionals="4" methods="7" coveredmethods="6"/>
        <line num="1" count="1" type="stmt"/>
        <line num="2" count="1" type="stmt"/>
        <line num="3" count="1" type="stmt"/>
        <line num="4" count="1" type="stmt"/>
        <line num="16" count="1" type="stmt"/>
        <line num="21" count="6" type="stmt"/>
        <line num="23" count="6" type="stmt"/>
        <line num="28" count="2" type="stmt"/>
        <line num="29" count="2" type="stmt"/>
        <line num="30" count="2" type="stmt"/>
        <line num="33" count="6" type="stmt"/>
        <line num="34" count="1" type="stmt"/>
        <line num="35" count="1" type="stmt"/>
        <line num="38" count="6" type="stmt"/>
        <line num="58" count="1" type="stmt"/>
        <line num="70" count="1" type="stmt"/>
        <line num="85" count="0" type="stmt"/>
        <line num="97" count="1" type="stmt"/>
        <line num="109" count="1" type="stmt"/>
      </file>
      <file name="styles.tsx" path="/Users/gregorylima/Documents/teste_caju/caju-front-teste-1/src/components/organisms/RegistrationCard/styles.tsx">
        <metrics statements="4" coveredstatements="4" conditionals="0" coveredconditionals="0" methods="0" coveredmethods="0"/>
        <line num="1" count="1" type="stmt"/>
        <line num="3" count="1" type="stmt"/>
        <line num="19" count="1" type="stmt"/>
        <line num="25" count="1" type="stmt"/>
      </file>
    </package>
    <package name="components.organisms.Searchbar">
      <metrics statements="32" coveredstatements="32" conditionals="3" coveredconditionals="3" methods="7" coveredmethods="7"/>
      <file name="index.tsx" path="/Users/gregorylima/Documents/teste_caju/caju-front-teste-1/src/components/organisms/Searchbar/index.tsx">
        <metrics statements="29" coveredstatements="29" conditionals="3" coveredconditionals="3" methods="7" coveredmethods="7"/>
        <line num="1" count="1" type="stmt"/>
        <line num="2" count="1" type="stmt"/>
        <line num="3" count="1" type="stmt"/>
        <line num="4" count="1" type="stmt"/>
        <line num="5" count="1" type="stmt"/>
        <line num="6" count="1" type="stmt"/>
        <line num="7" count="1" type="stmt"/>
        <line num="8" count="1" type="stmt"/>
        <line num="9" count="1" type="stmt"/>
        <line num="10" count="1" type="stmt"/>
        <line num="12" count="1" type="stmt"/>
        <line num="13" count="10" type="stmt"/>
        <line num="14" count="10" type="stmt"/>
        <line num="15" count="10" type="stmt"/>
        <line num="17" count="10" type="stmt"/>
        <line num="18" count="1" type="stmt"/>
        <line num="21" count="10" type="stmt"/>
        <line num="22" count="3" type="stmt"/>
        <line num="24" count="3" type="cond" truecount="2" falsecount="0"/>
        <line num="25" count="2" type="stmt"/>
        <line num="26" count="2" type="stmt"/>
        <line num="27" count="1" type="cond" truecount="1" falsecount="0"/>
        <line num="28" count="1" type="stmt"/>
        <line num="33" count="10" type="stmt"/>
        <line num="34" count="1" type="stmt"/>
        <line num="37" count="10" type="stmt"/>
        <line num="42" count="3" type="stmt"/>
        <line num="48" count="1" type="stmt"/>
        <line num="53" count="1" type="stmt"/>
      </file>
      <file name="styles.tsx" path="/Users/gregorylima/Documents/teste_caju/caju-front-teste-1/src/components/organisms/Searchbar/styles.tsx">
        <metrics statements="3" coveredstatements="3" conditionals="0" coveredconditionals="0" methods="0" coveredmethods="0"/>
        <line num="1" count="1" type="stmt"/>
        <line num="3" count="1" type="stmt"/>
        <line num="10" count="1" type="stmt"/>
      </file>
    </package>
    <package name="hooks">
      <metrics statements="21" coveredstatements="21" conditionals="1" coveredconditionals="1" methods="7" coveredmethods="7"/>
      <file name="useCardStatusChange.ts" path="/Users/gregorylima/Documents/teste_caju/caju-front-teste-1/src/hooks/useCardStatusChange.ts">
        <metrics statements="6" coveredstatements="6" conditionals="0" coveredconditionals="0" methods="2" coveredmethods="2"/>
        <line num="1" count="1" type="stmt"/>
        <line num="3" count="1" type="stmt"/>
        <line num="4" count="2" type="stmt"/>
        <line num="6" count="2" type="stmt"/>
        <line num="7" count="1" type="stmt"/>
        <line num="10" count="2" type="stmt"/>
      </file>
      <file name="useModal.ts" path="/Users/gregorylima/Documents/teste_caju/caju-front-teste-1/src/hooks/useModal.ts">
        <metrics statements="9" coveredstatements="9" conditionals="1" coveredconditionals="1" methods="3" coveredmethods="3"/>
        <line num="1" count="1" type="stmt"/>
        <line num="3" count="1" type="stmt"/>
        <line num="4" count="4" type="stmt"/>
        <line num="16" count="4" type="stmt"/>
        <line num="18" count="4" type="stmt"/>
        <line num="23" count="2" type="stmt"/>
        <line num="27" count="2" type="cond" truecount="1" falsecount="0"/>
        <line num="28" count="1" type="stmt"/>
        <line num="32" count="4" type="stmt"/>
      </file>
      <file name="useRegistrationData.ts" path="/Users/gregorylima/Documents/teste_caju/caju-front-teste-1/src/hooks/useRegistrationData.ts">
        <metrics statements="6" coveredstatements="6" conditionals="0" coveredconditionals="0" methods="2" coveredmethods="2"/>
        <line num="1" count="1" type="stmt"/>
        <line num="4" count="1" type="stmt"/>
        <line num="6" count="2" type="stmt"/>
        <line num="8" count="2" type="stmt"/>
        <line num="9" count="1" type="stmt"/>
        <line num="12" count="2" type="stmt"/>
      </file>
    </package>
    <package name="mocks">
      <metrics statements="1" coveredstatements="1" conditionals="0" coveredconditionals="0" methods="0" coveredmethods="0"/>
      <file name="registrations.ts" path="/Users/gregorylima/Documents/teste_caju/caju-front-teste-1/src/mocks/registrations.ts">
        <metrics statements="1" coveredstatements="1" conditionals="0" coveredconditionals="0" methods="0" coveredmethods="0"/>
        <line num="1" count="1" type="stmt"/>
      </file>
    </package>
    <package name="router">
      <metrics statements="2" coveredstatements="2" conditionals="0" coveredconditionals="0" methods="0" coveredmethods="0"/>
      <file name="routes.ts" path="/Users/gregorylima/Documents/teste_caju/caju-front-teste-1/src/router/routes.ts">
        <metrics statements="2" coveredstatements="2" conditionals="0" coveredconditionals="0" methods="0" coveredmethods="0"/>
        <line num="1" count="1" type="stmt"/>
        <line num="6" count="1" type="stmt"/>
      </file>
    </package>
    <package name="utils">
      <metrics statements="14" coveredstatements="14" conditionals="0" coveredconditionals="0" methods="6" coveredmethods="6"/>
      <file name="formatDate.ts" path="/Users/gregorylima/Documents/teste_caju/caju-front-teste-1/src/utils/formatDate.ts">
        <metrics statements="7" coveredstatements="7" conditionals="0" coveredconditionals="0" methods="1" coveredmethods="1"/>
        <line num="1" count="2" type="stmt"/>
        <line num="2" count="2" type="stmt"/>
        <line num="3" count="2" type="stmt"/>
        <line num="5" count="2" type="stmt"/>
        <line num="6" count="2" type="stmt"/>
        <line num="7" count="2" type="stmt"/>
        <line num="9" count="2" type="stmt"/>
      </file>
      <file name="index.ts" path="/Users/gregorylima/Documents/teste_caju/caju-front-teste-1/src/utils/index.ts">
        <metrics statements="3" coveredstatements="3" conditionals="0" coveredconditionals="0" methods="3" coveredmethods="3"/>
        <line num="1" count="2" type="stmt"/>
        <line num="2" count="2" type="stmt"/>
        <line num="4" count="14" type="stmt"/>
      </file>
      <file name="sanitizeCpf.ts" path="/Users/gregorylima/Documents/teste_caju/caju-front-teste-1/src/utils/sanitizeCpf.ts">
        <metrics statements="4" coveredstatements="4" conditionals="0" coveredconditionals="0" methods="2" coveredmethods="2"/>
        <line num="1" count="2" type="stmt"/>
        <line num="2" count="12" type="stmt"/>
        <line num="7" count="2" type="stmt"/>
        <line num="8" count="4" type="stmt"/>
      </file>
    </package>
  </project>
</coverage>
