{"/Users/gregorylima/Documents/teste_caju/caju-front-teste-1/src/components/atoms/Buttons/IconButton.tsx": {"path":"/Users/gregorylima/Documents/teste_caju/caju-front-teste-1/src/components/atoms/Buttons/IconButton.tsx","statementMap":{"0":{"start":{"line":1,"column":0},"end":{"line":1,"column":39}},"1":{"start":{"line":3,"column":13},"end":{"line":16,"column":2}},"2":{"start":{"line":22,"column":26},"end":{"line":28,"column":1}},"3":{"start":{"line":23,"column":2},"end":{"line":27,"column":4}},"4":{"start":{"line":22,"column":13},"end":{"line":22,"column":26}}},"fnMap":{"0":{"name":"(anonymous_1)","decl":{"start":{"line":22,"column":26},"end":{"line":22,"column":27}},"loc":{"start":{"line":22,"column":53},"end":{"line":28,"column":1}}}},"branchMap":{},"s":{"0":1,"1":1,"2":1,"3":10,"4":1},"f":{"0":10},"b":{}}
,"/Users/gregorylima/Documents/teste_caju/caju-front-teste-1/src/components/atoms/Buttons/index.tsx": {"path":"/Users/gregorylima/Documents/teste_caju/caju-front-teste-1/src/components/atoms/Buttons/index.tsx","statementMap":{"0":{"start":{"line":1,"column":0},"end":{"line":1,"column":39}},"1":{"start":{"line":3,"column":15},"end":{"line":17,"column":2}},"2":{"start":{"line":19,"column":13},"end":{"line":31,"column":2}},"3":{"start":{"line":28,"column":33},"end":{"line":28,"column":56}},"4":{"start":{"line":29,"column":22},"end":{"line":29,"column":43}},"5":{"start":{"line":34,"column":0},"end":{"line":34,"column":22}}},"fnMap":{"0":{"name":"(anonymous_1)","decl":{"start":{"line":28,"column":22},"end":{"line":28,"column":23}},"loc":{"start":{"line":28,"column":33},"end":{"line":28,"column":56}}},"1":{"name":"(anonymous_2)","decl":{"start":{"line":29,"column":11},"end":{"line":29,"column":12}},"loc":{"start":{"line":29,"column":22},"end":{"line":29,"column":43}}}},"branchMap":{"0":{"loc":{"start":{"line":28,"column":33},"end":{"line":28,"column":56}},"type":"binary-expr","locations":[{"start":{"line":28,"column":33},"end":{"line":28,"column":46}},{"start":{"line":28,"column":50},"end":{"line":28,"column":56}}]},"1":{"loc":{"start":{"line":29,"column":22},"end":{"line":29,"column":43}},"type":"binary-expr","locations":[{"start":{"line":29,"column":22},"end":{"line":29,"column":33}},{"start":{"line":29,"column":37},"end":{"line":29,"column":43}}]}},"s":{"0":3,"1":3,"2":3,"3":10,"4":10,"5":3},"f":{"0":10,"1":10},"b":{"0":[10,0],"1":[10,10]}}
,"/Users/gregorylima/Documents/teste_caju/caju-front-teste-1/src/components/atoms/TextField/index.tsx": {"path":"/Users/gregorylima/Documents/teste_caju/caju-front-teste-1/src/components/atoms/TextField/index.tsx","statementMap":{"0":{"start":{"line":1,"column":0},"end":{"line":1,"column":56}},"1":{"start":{"line":2,"column":0},"end":{"line":2,"column":28}},"2":{"start":{"line":9,"column":18},"end":{"line":17,"column":2}},"3":{"start":{"line":10,"column":2},"end":{"line":16,"column":4}},"4":{"start":{"line":19,"column":0},"end":{"line":19,"column":25}}},"fnMap":{"0":{"name":"(anonymous_6)","decl":{"start":{"line":9,"column":29},"end":{"line":9,"column":30}},"loc":{"start":{"line":9,"column":51},"end":{"line":17,"column":1}}}},"branchMap":{},"s":{"0":2,"1":2,"2":2,"3":12,"4":2},"f":{"0":12},"b":{}}
,"/Users/gregorylima/Documents/teste_caju/caju-front-teste-1/src/components/atoms/TextField/style.tsx": {"path":"/Users/gregorylima/Documents/teste_caju/caju-front-teste-1/src/components/atoms/TextField/style.tsx","statementMap":{"0":{"start":{"line":1,"column":0},"end":{"line":1,"column":39}},"1":{"start":{"line":3,"column":13},"end":{"line":21,"column":2}}},"fnMap":{},"branchMap":{},"s":{"0":2,"1":2},"f":{},"b":{}}
,"/Users/gregorylima/Documents/teste_caju/caju-front-teste-1/src/components/organisms/Columns/index.tsx": {"path":"/Users/gregorylima/Documents/teste_caju/caju-front-teste-1/src/components/organisms/Columns/index.tsx","statementMap":{"0":{"start":{"line":2,"column":0},"end":{"line":2,"column":51}},"1":{"start":{"line":4,"column":0},"end":{"line":4,"column":30}},"2":{"start":{"line":6,"column":19},"end":{"line":10,"column":2}},"3":{"start":{"line":15,"column":17},"end":{"line":42,"column":1}},"4":{"start":{"line":16,"column":2},"end":{"line":41,"column":4}},"5":{"start":{"line":19,"column":31},"end":{"line":19,"column":114}},"6":{"start":{"line":19,"column":76},"end":{"line":19,"column":113}},"7":{"start":{"line":20,"column":8},"end":{"line":38,"column":10}},"8":{"start":{"line":28,"column":18},"end":{"line":33,"column":20}},"9":{"start":{"line":43,"column":0},"end":{"line":43,"column":24}}},"fnMap":{"0":{"name":"(anonymous_7)","decl":{"start":{"line":15,"column":17},"end":{"line":15,"column":18}},"loc":{"start":{"line":15,"column":34},"end":{"line":42,"column":1}}},"1":{"name":"(anonymous_8)","decl":{"start":{"line":18,"column":22},"end":{"line":18,"column":23}},"loc":{"start":{"line":18,"column":33},"end":{"line":39,"column":7}}},"2":{"name":"(anonymous_9)","decl":{"start":{"line":19,"column":60},"end":{"line":19,"column":72}},"loc":{"start":{"line":19,"column":76},"end":{"line":19,"column":113}}},"3":{"name":"(anonymous_10)","decl":{"start":{"line":27,"column":37},"end":{"line":27,"column":38}},"loc":{"start":{"line":27,"column":54},"end":{"line":34,"column":17}}}},"branchMap":{},"s":{"0":1,"1":1,"2":1,"3":1,"4":1,"5":3,"6":6,"7":3,"8":2,"9":1},"f":{"0":1,"1":3,"2":6,"3":2},"b":{}}
,"/Users/gregorylima/Documents/teste_caju/caju-front-teste-1/src/components/organisms/Columns/styles.tsx": {"path":"/Users/gregorylima/Documents/teste_caju/caju-front-teste-1/src/components/organisms/Columns/styles.tsx","statementMap":{"0":{"start":{"line":1,"column":0},"end":{"line":1,"column":39}},"1":{"start":{"line":4,"column":4},"end":{"line":17,"column":2}},"2":{"start":{"line":19,"column":13},"end":{"line":25,"column":2}},"3":{"start":{"line":27,"column":13},"end":{"line":34,"column":2}},"4":{"start":{"line":30,"column":4},"end":{"line":30,"column":47}},"5":{"start":{"line":36,"column":13},"end":{"line":40,"column":2}},"6":{"start":{"line":38,"column":27},"end":{"line":38,"column":65}},"7":{"start":{"line":42,"column":13},"end":{"line":45,"column":2}}},"fnMap":{"0":{"name":"(anonymous_1)","decl":{"start":{"line":29,"column":22},"end":{"line":29,"column":23}},"loc":{"start":{"line":30,"column":4},"end":{"line":30,"column":47}}},"1":{"name":"(anonymous_2)","decl":{"start":{"line":38,"column":11},"end":{"line":38,"column":12}},"loc":{"start":{"line":38,"column":27},"end":{"line":38,"column":65}}}},"branchMap":{},"s":{"0":1,"1":1,"2":1,"3":1,"4":3,"5":1,"6":3,"7":1},"f":{"0":3,"1":3},"b":{}}
,"/Users/gregorylima/Documents/teste_caju/caju-front-teste-1/src/components/organisms/Header/index.tsx": {"path":"/Users/gregorylima/Documents/teste_caju/caju-front-teste-1/src/components/organisms/Header/index.tsx","statementMap":{"0":{"start":{"line":1,"column":0},"end":{"line":1,"column":39}},"1":{"start":{"line":3,"column":13},"end":{"line":22,"column":2}}},"fnMap":{},"branchMap":{},"s":{"0":1,"1":1},"f":{},"b":{}}
,"/Users/gregorylima/Documents/teste_caju/caju-front-teste-1/src/components/organisms/Modal/index.tsx": {"path":"/Users/gregorylima/Documents/teste_caju/caju-front-teste-1/src/components/organisms/Modal/index.tsx","statementMap":{"0":{"start":{"line":2,"column":0},"end":{"line":2,"column":30}},"1":{"start":{"line":10,"column":14},"end":{"line":28,"column":1}},"2":{"start":{"line":15,"column":2},"end":{"line":15,"column":27}},"3":{"start":{"line":15,"column":15},"end":{"line":15,"column":27}},"4":{"start":{"line":16,"column":2},"end":{"line":27,"column":4}},"5":{"start":{"line":30,"column":0},"end":{"line":30,"column":21}}},"fnMap":{"0":{"name":"(anonymous_6)","decl":{"start":{"line":10,"column":14},"end":{"line":10,"column":15}},"loc":{"start":{"line":14,"column":12},"end":{"line":28,"column":1}}}},"branchMap":{"0":{"loc":{"start":{"line":15,"column":2},"end":{"line":15,"column":27}},"type":"if","locations":[{"start":{"line":15,"column":2},"end":{"line":15,"column":27}}]}},"s":{"0":1,"1":1,"2":3,"3":1,"4":2,"5":1},"f":{"0":3},"b":{"0":[1]}}
,"/Users/gregorylima/Documents/teste_caju/caju-front-teste-1/src/components/organisms/Modal/styles.tsx": {"path":"/Users/gregorylima/Documents/teste_caju/caju-front-teste-1/src/components/organisms/Modal/styles.tsx","statementMap":{"0":{"start":{"line":1,"column":0},"end":{"line":1,"column":43}},"1":{"start":{"line":3,"column":13},"end":{"line":10,"column":2}},"2":{"start":{"line":12,"column":13},"end":{"line":21,"column":2}},"3":{"start":{"line":23,"column":13},"end":{"line":35,"column":2}},"4":{"start":{"line":37,"column":13},"end":{"line":39,"column":2}},"5":{"start":{"line":41,"column":13},"end":{"line":47,"column":2}}},"fnMap":{},"branchMap":{},"s":{"0":1,"1":1,"2":1,"3":1,"4":1,"5":1},"f":{},"b":{}}
,"/Users/gregorylima/Documents/teste_caju/caju-front-teste-1/src/components/organisms/RegistrationCard/index.tsx": {"path":"/Users/gregorylima/Documents/teste_caju/caju-front-teste-1/src/components/organisms/RegistrationCard/index.tsx","statementMap":{"0":{"start":{"line":1,"column":0},"end":{"line":1,"column":57}},"1":{"start":{"line":2,"column":0},"end":{"line":2,"column":73}},"2":{"start":{"line":3,"column":0},"end":{"line":3,"column":30}},"3":{"start":{"line":4,"column":0},"end":{"line":4,"column":null}},"4":{"start":{"line":16,"column":25},"end":{"line":107,"column":1}},"5":{"start":{"line":21,"column":6},"end":{"line":21,"column":30}},"6":{"start":{"line":23,"column":34},"end":{"line":31,"column":3}},"7":{"start":{"line":28,"column":4},"end":{"line":28,"column":25}},"8":{"start":{"line":29,"column":4},"end":{"line":29,"column":36}},"9":{"start":{"line":30,"column":4},"end":{"line":30,"column":58}},"10":{"start":{"line":33,"column":39},"end":{"line":36,"column":3}},"11":{"start":{"line":34,"column":4},"end":{"line":34,"column":36}},"12":{"start":{"line":35,"column":4},"end":{"line":35,"column":64}},"13":{"start":{"line":38,"column":2},"end":{"line":106,"column":4}},"14":{"start":{"line":58,"column":16},"end":{"line":61,"column":null}},"15":{"start":{"line":70,"column":16},"end":{"line":73,"column":null}},"16":{"start":{"line":85,"column":14},"end":{"line":88,"column":null}},"17":{"start":{"line":97,"column":12},"end":{"line":99,"column":null}},"18":{"start":{"line":109,"column":0},"end":{"line":109,"column":32}}},"fnMap":{"0":{"name":"(anonymous_6)","decl":{"start":{"line":16,"column":25},"end":{"line":16,"column":26}},"loc":{"start":{"line":16,"column":42},"end":{"line":107,"column":1}}},"1":{"name":"(anonymous_7)","decl":{"start":{"line":23,"column":34},"end":{"line":23,"column":null}},"loc":{"start":{"line":27,"column":6},"end":{"line":31,"column":3}}},"2":{"name":"(anonymous_8)","decl":{"start":{"line":33,"column":39},"end":{"line":33,"column":40}},"loc":{"start":{"line":33,"column":83},"end":{"line":36,"column":3}}},"3":{"name":"(anonymous_9)","decl":{"start":{"line":57,"column":23},"end":{"line":57,"column":26}},"loc":{"start":{"line":58,"column":16},"end":{"line":61,"column":null}}},"4":{"name":"(anonymous_10)","decl":{"start":{"line":69,"column":23},"end":{"line":69,"column":26}},"loc":{"start":{"line":70,"column":16},"end":{"line":73,"column":null}}},"5":{"name":"(anonymous_11)","decl":{"start":{"line":84,"column":21},"end":{"line":84,"column":24}},"loc":{"start":{"line":85,"column":14},"end":{"line":88,"column":null}}},"6":{"name":"(anonymous_12)","decl":{"start":{"line":96,"column":19},"end":{"line":96,"column":22}},"loc":{"start":{"line":97,"column":12},"end":{"line":99,"column":null}}}},"branchMap":{"0":{"loc":{"start":{"line":53,"column":9},"end":{"line":79,"column":null}},"type":"binary-expr","locations":[{"start":{"line":53,"column":9},"end":{"line":53,"column":39}},{"start":{"line":54,"column":10},"end":{"line":78,"column":null}}]},"1":{"loc":{"start":{"line":81,"column":9},"end":{"line":93,"column":null}},"type":"binary-expr","locations":[{"start":{"line":81,"column":9},"end":{"line":81,"column":39}},{"start":{"line":82,"column":10},"end":{"line":89,"column":null}}]}},"s":{"0":1,"1":1,"2":1,"3":1,"4":1,"5":6,"6":6,"7":2,"8":2,"9":2,"10":6,"11":1,"12":1,"13":6,"14":1,"15":1,"16":0,"17":1,"18":1},"f":{"0":6,"1":2,"2":1,"3":1,"4":1,"5":0,"6":1},"b":{"0":[6,4],"1":[6,2]}}
,"/Users/gregorylima/Documents/teste_caju/caju-front-teste-1/src/components/organisms/RegistrationCard/styles.tsx": {"path":"/Users/gregorylima/Documents/teste_caju/caju-front-teste-1/src/components/organisms/RegistrationCard/styles.tsx","statementMap":{"0":{"start":{"line":1,"column":0},"end":{"line":1,"column":39}},"1":{"start":{"line":3,"column":13},"end":{"line":17,"column":2}},"2":{"start":{"line":19,"column":13},"end":{"line":23,"column":2}},"3":{"start":{"line":25,"column":13},"end":{"line":35,"column":2}}},"fnMap":{},"branchMap":{},"s":{"0":1,"1":1,"2":1,"3":1},"f":{},"b":{}}
,"/Users/gregorylima/Documents/teste_caju/caju-front-teste-1/src/components/organisms/Searchbar/index.tsx": {"path":"/Users/gregorylima/Documents/teste_caju/caju-front-teste-1/src/components/organisms/Searchbar/index.tsx","statementMap":{"0":{"start":{"line":1,"column":0},"end":{"line":1,"column":33}},"1":{"start":{"line":2,"column":0},"end":{"line":2,"column":43}},"2":{"start":{"line":3,"column":0},"end":{"line":3,"column":46}},"3":{"start":{"line":4,"column":0},"end":{"line":4,"column":73}},"4":{"start":{"line":5,"column":0},"end":{"line":5,"column":48}},"5":{"start":{"line":6,"column":0},"end":{"line":6,"column":67}},"6":{"start":{"line":7,"column":0},"end":{"line":7,"column":53}},"7":{"start":{"line":8,"column":0},"end":{"line":8,"column":37}},"8":{"start":{"line":9,"column":0},"end":{"line":9,"column":48}},"9":{"start":{"line":10,"column":0},"end":{"line":10,"column":30}},"10":{"start":{"line":12,"column":25},"end":{"line":57,"column":1}},"11":{"start":{"line":13,"column":18},"end":{"line":13,"column":30}},"12":{"start":{"line":14,"column":74},"end":{"line":14,"column":98}},"13":{"start":{"line":15,"column":24},"end":{"line":15,"column":36}},"14":{"start":{"line":17,"column":31},"end":{"line":19,"column":3}},"15":{"start":{"line":18,"column":4},"end":{"line":18,"column":33}},"16":{"start":{"line":21,"column":29},"end":{"line":30,"column":3}},"17":{"start":{"line":22,"column":4},"end":{"line":22,"column":18}},"18":{"start":{"line":24,"column":4},"end":{"line":29,"column":5}},"19":{"start":{"line":25,"column":26},"end":{"line":25,"column":45}},"20":{"start":{"line":26,"column":6},"end":{"line":26,"column":40}},"21":{"start":{"line":27,"column":11},"end":{"line":29,"column":5}},"22":{"start":{"line":28,"column":6},"end":{"line":28,"column":27}},"23":{"start":{"line":33,"column":39},"end":{"line":35,"column":3}},"24":{"start":{"line":34,"column":4},"end":{"line":34,"column":65}},"25":{"start":{"line":37,"column":2},"end":{"line":56,"column":4}},"26":{"start":{"line":42,"column":25},"end":{"line":42,"column":59}},"27":{"start":{"line":48,"column":12},"end":{"line":48,"column":77}},"28":{"start":{"line":53,"column":31},"end":{"line":53,"column":53}},"29":{"start":{"line":12,"column":13},"end":{"line":12,"column":25}}},"fnMap":{"0":{"name":"(anonymous_7)","decl":{"start":{"line":12,"column":25},"end":{"line":12,"column":28}},"loc":{"start":{"line":12,"column":30},"end":{"line":57,"column":1}}},"1":{"name":"(anonymous_8)","decl":{"start":{"line":17,"column":31},"end":{"line":17,"column":34}},"loc":{"start":{"line":17,"column":36},"end":{"line":19,"column":3}}},"2":{"name":"(anonymous_9)","decl":{"start":{"line":21,"column":29},"end":{"line":21,"column":30}},"loc":{"start":{"line":21,"column":47},"end":{"line":30,"column":3}}},"3":{"name":"(anonymous_10)","decl":{"start":{"line":33,"column":39},"end":{"line":33,"column":40}},"loc":{"start":{"line":33,"column":59},"end":{"line":35,"column":3}}},"4":{"name":"(anonymous_11)","decl":{"start":{"line":42,"column":18},"end":{"line":42,"column":19}},"loc":{"start":{"line":42,"column":25},"end":{"line":42,"column":59}}},"5":{"name":"(anonymous_12)","decl":{"start":{"line":47,"column":19},"end":{"line":47,"column":22}},"loc":{"start":{"line":48,"column":12},"end":{"line":48,"column":77}}},"6":{"name":"(anonymous_13)","decl":{"start":{"line":53,"column":25},"end":{"line":53,"column":28}},"loc":{"start":{"line":53,"column":31},"end":{"line":53,"column":53}}}},"branchMap":{"0":{"loc":{"start":{"line":24,"column":4},"end":{"line":29,"column":5}},"type":"if","locations":[{"start":{"line":24,"column":4},"end":{"line":29,"column":5}},{"start":{"line":27,"column":11},"end":{"line":29,"column":5}}]},"1":{"loc":{"start":{"line":27,"column":11},"end":{"line":29,"column":5}},"type":"if","locations":[{"start":{"line":27,"column":11},"end":{"line":29,"column":5}}]}},"s":{"0":1,"1":1,"2":1,"3":1,"4":1,"5":1,"6":1,"7":1,"8":1,"9":1,"10":1,"11":10,"12":10,"13":10,"14":10,"15":1,"16":10,"17":3,"18":3,"19":2,"20":2,"21":1,"22":1,"23":10,"24":1,"25":10,"26":3,"27":1,"28":1,"29":1},"f":{"0":10,"1":1,"2":3,"3":1,"4":3,"5":1,"6":1},"b":{"0":[2,1],"1":[1]}}
,"/Users/gregorylima/Documents/teste_caju/caju-front-teste-1/src/components/organisms/Searchbar/styles.tsx": {"path":"/Users/gregorylima/Documents/teste_caju/caju-front-teste-1/src/components/organisms/Searchbar/styles.tsx","statementMap":{"0":{"start":{"line":1,"column":0},"end":{"line":1,"column":39}},"1":{"start":{"line":3,"column":13},"end":{"line":8,"column":2}},"2":{"start":{"line":10,"column":13},"end":{"line":15,"column":2}}},"fnMap":{},"branchMap":{},"s":{"0":1,"1":1,"2":1},"f":{},"b":{}}
,"/Users/gregorylima/Documents/teste_caju/caju-front-teste-1/src/hooks/useCardStatusChange.ts": {"path":"/Users/gregorylima/Documents/teste_caju/caju-front-teste-1/src/hooks/useCardStatusChange.ts","statementMap":{"0":{"start":{"line":1,"column":0},"end":{"line":1,"column":33}},"1":{"start":{"line":3,"column":35},"end":{"line":11,"column":1}},"2":{"start":{"line":4,"column":36},"end":{"line":4,"column":48}},"3":{"start":{"line":6,"column":23},"end":{"line":8,"column":3}},"4":{"start":{"line":7,"column":4},"end":{"line":7,"column":33}},"5":{"start":{"line":10,"column":2},"end":{"line":10,"column":37}},"6":{"start":{"line":3,"column":13},"end":{"line":3,"column":35}}},"fnMap":{"0":{"name":"(anonymous_0)","decl":{"start":{"line":3,"column":35},"end":{"line":3,"column":38}},"loc":{"start":{"line":3,"column":40},"end":{"line":11,"column":1}}},"1":{"name":"(anonymous_1)","decl":{"start":{"line":6,"column":23},"end":{"line":6,"column":24}},"loc":{"start":{"line":6,"column":50},"end":{"line":8,"column":3}}}},"branchMap":{},"s":{"0":1,"1":1,"2":2,"3":2,"4":1,"5":2,"6":1},"f":{"0":2,"1":1},"b":{}}
,"/Users/gregorylima/Documents/teste_caju/caju-front-teste-1/src/hooks/useModal.ts": {"path":"/Users/gregorylima/Documents/teste_caju/caju-front-teste-1/src/hooks/useModal.ts","statementMap":{"0":{"start":{"line":1,"column":0},"end":{"line":1,"column":33}},"1":{"start":{"line":3,"column":24},"end":{"line":40,"column":1}},"2":{"start":{"line":4,"column":40},"end":{"line":14,"column":4}},"3":{"start":{"line":16,"column":42},"end":{"line":16,"column":54}},"4":{"start":{"line":18,"column":28},"end":{"line":30,"column":3}},"5":{"start":{"line":23,"column":4},"end":{"line":26,"column":8}},"6":{"start":{"line":23,"column":35},"end":{"line":26,"column":6}},"7":{"start":{"line":27,"column":4},"end":{"line":29,"column":5}},"8":{"start":{"line":28,"column":6},"end":{"line":28,"column":31}},"9":{"start":{"line":32,"column":2},"end":{"line":39,"column":4}},"10":{"start":{"line":3,"column":13},"end":{"line":3,"column":24}}},"fnMap":{"0":{"name":"(anonymous_0)","decl":{"start":{"line":3,"column":24},"end":{"line":3,"column":27}},"loc":{"start":{"line":3,"column":29},"end":{"line":40,"column":1}}},"1":{"name":"(anonymous_1)","decl":{"start":{"line":18,"column":28},"end":{"line":18,"column":null}},"loc":{"start":{"line":22,"column":6},"end":{"line":30,"column":3}}},"2":{"name":"(anonymous_2)","decl":{"start":{"line":23,"column":19},"end":{"line":23,"column":20}},"loc":{"start":{"line":23,"column":35},"end":{"line":26,"column":6}}}},"branchMap":{"0":{"loc":{"start":{"line":27,"column":4},"end":{"line":29,"column":5}},"type":"if","locations":[{"start":{"line":27,"column":4},"end":{"line":29,"column":5}}]}},"s":{"0":1,"1":1,"2":4,"3":4,"4":4,"5":2,"6":2,"7":2,"8":1,"9":4,"10":1},"f":{"0":4,"1":2,"2":2},"b":{"0":[1]}}
,"/Users/gregorylima/Documents/teste_caju/caju-front-teste-1/src/hooks/useRegistrationData.ts": {"path":"/Users/gregorylima/Documents/teste_caju/caju-front-teste-1/src/hooks/useRegistrationData.ts","statementMap":{"0":{"start":{"line":1,"column":0},"end":{"line":1,"column":33}},"1":{"start":{"line":4,"column":35},"end":{"line":13,"column":1}},"2":{"start":{"line":6,"column":4},"end":{"line":6,"column":32}},"3":{"start":{"line":8,"column":36},"end":{"line":10,"column":3}},"4":{"start":{"line":9,"column":4},"end":{"line":9,"column":36}},"5":{"start":{"line":12,"column":2},"end":{"line":12,"column":60}},"6":{"start":{"line":4,"column":13},"end":{"line":4,"column":35}}},"fnMap":{"0":{"name":"(anonymous_0)","decl":{"start":{"line":4,"column":35},"end":{"line":4,"column":38}},"loc":{"start":{"line":4,"column":40},"end":{"line":13,"column":1}}},"1":{"name":"(anonymous_1)","decl":{"start":{"line":8,"column":36},"end":{"line":8,"column":37}},"loc":{"start":{"line":8,"column":66},"end":{"line":10,"column":3}}}},"branchMap":{},"s":{"0":1,"1":1,"2":2,"3":2,"4":1,"5":2,"6":1},"f":{"0":2,"1":1},"b":{}}
,"/Users/gregorylima/Documents/teste_caju/caju-front-teste-1/src/mocks/registrations.ts": {"path":"/Users/gregorylima/Documents/teste_caju/caju-front-teste-1/src/mocks/registrations.ts","statementMap":{"0":{"start":{"line":1,"column":13},"end":{"line":26,"column":null}}},"fnMap":{},"branchMap":{},"s":{"0":1},"f":{},"b":{}}
,"/Users/gregorylima/Documents/teste_caju/caju-front-teste-1/src/router/routes.ts": {"path":"/Users/gregorylima/Documents/teste_caju/caju-front-teste-1/src/router/routes.ts","statementMap":{"0":{"start":{"line":1,"column":15},"end":{"line":4,"column":2}},"1":{"start":{"line":6,"column":0},"end":{"line":6,"column":22}}},"fnMap":{},"branchMap":{},"s":{"0":1,"1":1},"f":{},"b":{}}
,"/Users/gregorylima/Documents/teste_caju/caju-front-teste-1/src/utils/formatDate.ts": {"path":"/Users/gregorylima/Documents/teste_caju/caju-front-teste-1/src/utils/formatDate.ts","statementMap":{"0":{"start":{"line":1,"column":26},"end":{"line":10,"column":1}},"1":{"start":{"line":2,"column":15},"end":{"line":2,"column":35}},"2":{"start":{"line":3,"column":2},"end":{"line":3,"column":31}},"3":{"start":{"line":5,"column":14},"end":{"line":5,"column":56}},"4":{"start":{"line":6,"column":16},"end":{"line":6,"column":63}},"5":{"start":{"line":7,"column":15},"end":{"line":7,"column":36}},"6":{"start":{"line":9,"column":2},"end":{"line":9,"column":35}},"7":{"start":{"line":1,"column":13},"end":{"line":1,"column":26}}},"fnMap":{"0":{"name":"(anonymous_0)","decl":{"start":{"line":1,"column":26},"end":{"line":1,"column":27}},"loc":{"start":{"line":1,"column":57},"end":{"line":10,"column":1}}}},"branchMap":{},"s":{"0":2,"1":2,"2":2,"3":2,"4":2,"5":2,"6":2,"7":2},"f":{"0":2},"b":{}}
,"/Users/gregorylima/Documents/teste_caju/caju-front-teste-1/src/utils/index.ts": {"path":"/Users/gregorylima/Documents/teste_caju/caju-front-teste-1/src/utils/index.ts","statementMap":{"0":{"start":{"line":1,"column":0},"end":{"line":1,"column":9}},"1":{"start":{"line":4,"column":8},"end":{"line":1,"column":41}},"2":{"start":{"line":2,"column":0},"end":{"line":2,"column":9}},"3":{"start":{"line":4,"column":20},"end":{"line":2,"column":18}},"4":{"start":{"line":4,"column":29},"end":{"line":2,"column":53}}},"fnMap":{"0":{"name":"(anonymous_0)","decl":{"start":{"line":4,"column":8},"end":{"line":4,"column":18}},"loc":{"start":{"line":4,"column":8},"end":{"line":1,"column":41}}},"1":{"name":"(anonymous_1)","decl":{"start":{"line":4,"column":20},"end":{"line":4,"column":27}},"loc":{"start":{"line":4,"column":20},"end":{"line":2,"column":18}}},"2":{"name":"(anonymous_2)","decl":{"start":{"line":4,"column":29},"end":{"line":4,"column":41}},"loc":{"start":{"line":4,"column":29},"end":{"line":2,"column":53}}}},"branchMap":{},"s":{"0":2,"1":4,"2":2,"3":14,"4":6},"f":{"0":2,"1":12,"2":4},"b":{}}
,"/Users/gregorylima/Documents/teste_caju/caju-front-teste-1/src/utils/sanitizeCpf.ts": {"path":"/Users/gregorylima/Documents/teste_caju/caju-front-teste-1/src/utils/sanitizeCpf.ts","statementMap":{"0":{"start":{"line":1,"column":23},"end":{"line":5,"column":1}},"1":{"start":{"line":2,"column":2},"end":{"line":4,"column":60}},"2":{"start":{"line":1,"column":13},"end":{"line":1,"column":23}},"3":{"start":{"line":7,"column":28},"end":{"line":9,"column":1}},"4":{"start":{"line":8,"column":2},"end":{"line":8,"column":32}},"5":{"start":{"line":7,"column":13},"end":{"line":7,"column":28}}},"fnMap":{"0":{"name":"(anonymous_0)","decl":{"start":{"line":1,"column":23},"end":{"line":1,"column":24}},"loc":{"start":{"line":1,"column":39},"end":{"line":5,"column":1}}},"1":{"name":"(anonymous_1)","decl":{"start":{"line":7,"column":28},"end":{"line":7,"column":29}},"loc":{"start":{"line":7,"column":44},"end":{"line":9,"column":1}}}},"branchMap":{},"s":{"0":2,"1":12,"2":2,"3":2,"4":4,"5":2},"f":{"0":12,"1":4},"b":{}}
}
