TN:
SF:src/components/atoms/Buttons/IconButton.tsx
FN:22,(anonymous_1)
FNF:1
FNH:1
FNDA:10,(anonymous_1)
DA:1,1
DA:3,1
DA:22,1
DA:23,10
LF:4
LH:4
BRF:0
BRH:0
end_of_record
TN:
SF:src/components/atoms/Buttons/index.tsx
FN:28,(anonymous_1)
FN:29,(anonymous_2)
FNF:2
FNH:2
FNDA:10,(anonymous_1)
FNDA:10,(anonymous_2)
DA:1,3
DA:3,3
DA:19,3
DA:28,10
DA:29,10
DA:34,3
LF:6
LH:6
BRDA:28,0,0,10
BRDA:28,0,1,0
BRDA:29,1,0,10
BRDA:29,1,1,10
BRF:4
BRH:3
end_of_record
TN:
SF:src/components/atoms/TextField/index.tsx
FN:9,(anonymous_6)
FNF:1
FNH:1
FNDA:12,(anonymous_6)
DA:1,2
DA:2,2
DA:9,2
DA:10,12
DA:19,2
LF:5
LH:5
BRF:0
BRH:0
end_of_record
TN:
SF:src/components/atoms/TextField/style.tsx
FNF:0
FNH:0
DA:1,2
DA:3,2
LF:2
LH:2
BRF:0
BRH:0
end_of_record
TN:
SF:src/components/organisms/Columns/index.tsx
FN:15,(anonymous_7)
FN:18,(anonymous_8)
FN:19,(anonymous_9)
FN:27,(anonymous_10)
FNF:4
FNH:4
FNDA:1,(anonymous_7)
FNDA:3,(anonymous_8)
FNDA:6,(anonymous_9)
FNDA:2,(anonymous_10)
DA:2,1
DA:4,1
DA:6,1
DA:15,1
DA:16,1
DA:19,6
DA:20,3
DA:28,2
DA:43,1
LF:9
LH:9
BRF:0
BRH:0
end_of_record
TN:
SF:src/components/organisms/Columns/styles.tsx
FN:29,(anonymous_1)
FN:38,(anonymous_2)
FNF:2
FNH:2
FNDA:3,(anonymous_1)
FNDA:3,(anonymous_2)
DA:1,1
DA:4,1
DA:19,1
DA:27,1
DA:30,3
DA:36,1
DA:38,3
DA:42,1
LF:8
LH:8
BRF:0
BRH:0
end_of_record
TN:
SF:src/components/organisms/Header/index.tsx
FNF:0
FNH:0
DA:1,1
DA:3,1
LF:2
LH:2
BRF:0
BRH:0
end_of_record
TN:
SF:src/components/organisms/Modal/index.tsx
FN:10,(anonymous_6)
FNF:1
FNH:1
FNDA:3,(anonymous_6)
DA:2,1
DA:10,1
DA:15,3
DA:16,2
DA:30,1
LF:5
LH:5
BRDA:15,0,0,1
BRF:1
BRH:1
end_of_record
TN:
SF:src/components/organisms/Modal/styles.tsx
FNF:0
FNH:0
DA:1,1
DA:3,1
DA:12,1
DA:23,1
DA:37,1
DA:41,1
LF:6
LH:6
BRF:0
BRH:0
end_of_record
TN:
SF:src/components/organisms/RegistrationCard/index.tsx
FN:16,(anonymous_6)
FN:23,(anonymous_7)
FN:33,(anonymous_8)
FN:57,(anonymous_9)
FN:69,(anonymous_10)
FN:84,(anonymous_11)
FN:96,(anonymous_12)
FNF:7
FNH:6
FNDA:6,(anonymous_6)
FNDA:2,(anonymous_7)
FNDA:1,(anonymous_8)
FNDA:1,(anonymous_9)
FNDA:1,(anonymous_10)
FNDA:0,(anonymous_11)
FNDA:1,(anonymous_12)
DA:1,1
DA:2,1
DA:3,1
DA:4,1
DA:16,1
DA:21,6
DA:23,6
DA:28,2
DA:29,2
DA:30,2
DA:33,6
DA:34,1
DA:35,1
DA:38,6
DA:58,1
DA:70,1
DA:85,0
DA:97,1
DA:109,1
LF:19
LH:18
BRDA:53,0,0,6
BRDA:53,0,1,4
BRDA:81,1,0,6
BRDA:81,1,1,2
BRF:4
BRH:4
end_of_record
TN:
SF:src/components/organisms/RegistrationCard/styles.tsx
FNF:0
FNH:0
DA:1,1
DA:3,1
DA:19,1
DA:25,1
LF:4
LH:4
BRF:0
BRH:0
end_of_record
TN:
SF:src/components/organisms/Searchbar/index.tsx
FN:12,(anonymous_7)
FN:17,(anonymous_8)
FN:21,(anonymous_9)
FN:33,(anonymous_10)
FN:42,(anonymous_11)
FN:47,(anonymous_12)
FN:53,(anonymous_13)
FNF:7
FNH:7
FNDA:10,(anonymous_7)
FNDA:1,(anonymous_8)
FNDA:3,(anonymous_9)
FNDA:1,(anonymous_10)
FNDA:3,(anonymous_11)
FNDA:1,(anonymous_12)
FNDA:1,(anonymous_13)
DA:1,1
DA:2,1
DA:3,1
DA:4,1
DA:5,1
DA:6,1
DA:7,1
DA:8,1
DA:9,1
DA:10,1
DA:12,1
DA:13,10
DA:14,10
DA:15,10
DA:17,10
DA:18,1
DA:21,10
DA:22,3
DA:24,3
DA:25,2
DA:26,2
DA:27,1
DA:28,1
DA:33,10
DA:34,1
DA:37,10
DA:42,3
DA:48,1
DA:53,1
LF:29
LH:29
BRDA:24,0,0,2
BRDA:24,0,1,1
BRDA:27,1,0,1
BRF:3
BRH:3
end_of_record
TN:
SF:src/components/organisms/Searchbar/styles.tsx
FNF:0
FNH:0
DA:1,1
DA:3,1
DA:10,1
LF:3
LH:3
BRF:0
BRH:0
end_of_record
TN:
SF:src/hooks/useCardStatusChange.ts
FN:3,(anonymous_0)
FN:6,(anonymous_1)
FNF:2
FNH:2
FNDA:2,(anonymous_0)
FNDA:1,(anonymous_1)
DA:1,1
DA:3,1
DA:4,2
DA:6,2
DA:7,1
DA:10,2
LF:6
LH:6
BRF:0
BRH:0
end_of_record
TN:
SF:src/hooks/useModal.ts
FN:3,(anonymous_0)
FN:18,(anonymous_1)
FN:23,(anonymous_2)
FNF:3
FNH:3
FNDA:4,(anonymous_0)
FNDA:2,(anonymous_1)
FNDA:2,(anonymous_2)
DA:1,1
DA:3,1
DA:4,4
DA:16,4
DA:18,4
DA:23,2
DA:27,2
DA:28,1
DA:32,4
LF:9
LH:9
BRDA:27,0,0,1
BRF:1
BRH:1
end_of_record
TN:
SF:src/hooks/useRegistrationData.ts
FN:4,(anonymous_0)
FN:8,(anonymous_1)
FNF:2
FNH:2
FNDA:2,(anonymous_0)
FNDA:1,(anonymous_1)
DA:1,1
DA:4,1
DA:6,2
DA:8,2
DA:9,1
DA:12,2
LF:6
LH:6
BRF:0
BRH:0
end_of_record
TN:
SF:src/mocks/registrations.ts
FNF:0
FNH:0
DA:1,1
LF:1
LH:1
BRF:0
BRH:0
end_of_record
TN:
SF:src/router/routes.ts
FNF:0
FNH:0
DA:1,1
DA:6,1
LF:2
LH:2
BRF:0
BRH:0
end_of_record
TN:
SF:src/utils/formatDate.ts
FN:1,(anonymous_0)
FNF:1
FNH:1
FNDA:2,(anonymous_0)
DA:1,2
DA:2,2
DA:3,2
DA:5,2
DA:6,2
DA:7,2
DA:9,2
LF:7
LH:7
BRF:0
BRH:0
end_of_record
TN:
SF:src/utils/index.ts
FN:4,(anonymous_0)
FN:4,(anonymous_1)
FN:4,(anonymous_2)
FNF:3
FNH:3
FNDA:2,(anonymous_0)
FNDA:12,(anonymous_1)
FNDA:4,(anonymous_2)
DA:1,2
DA:2,2
DA:4,14
LF:3
LH:3
BRF:0
BRH:0
end_of_record
TN:
SF:src/utils/sanitizeCpf.ts
FN:1,(anonymous_0)
FN:7,(anonymous_1)
FNF:2
FNH:2
FNDA:12,(anonymous_0)
FNDA:4,(anonymous_1)
DA:1,2
DA:2,12
DA:7,2
DA:8,4
LF:4
LH:4
BRF:0
BRH:0
end_of_record
